usbCameraSNPE/build/outputs/logs/manifest-merger-debug-report.txt
-- Merging decision tree log ---
manifest
ADDED from src/main/AndroidManifest.xml:24:1-50:12
INJECTED from src/main/AndroidManifest.xml:24:1-50:12
INJECTED from src/main/AndroidManifest.xml:24:1-50:12
INJECTED from src/main/AndroidManifest.xml:24:1-50:12
MERGED from [:usbCameraCommon] AndroidManifest.xml:24:1-32:12
MERGED from [:libuvccamera] AndroidManifest.xml:24:1-33:12
MERGED from [com.serenegiant:common:1.5.20] AndroidManifest.xml:2:1-12:12
MERGED from [:snpelibrary] AndroidManifest.xml:2:1-11:12
MERGED from [:OpenCV] AndroidManifest.xml:2:1-11:12
MERGED from [com.android.support:recyclerview-v7:25.3.1] AndroidManifest.xml:17:1-26:12
MERGED from [com.android.support:support-core-ui:25.3.1] AndroidManifest.xml:17:1-31:12
MERGED from [com.android.support:support-compat:25.3.1] AndroidManifest.xml:17:1-31:12
MERGED from [:snpe-release] AndroidManifest.xml:7:1-16:12
INJECTED from src/main/AndroidManifest.xml:24:1-50:12
INJECTED from src/main/AndroidManifest.xml:24:1-50:12
INJECTED from src/main/AndroidManifest.xml:24:1-50:12
	package
		ADDED from src/main/AndroidManifest.xml:25:5-44
		INJECTED from src/main/AndroidManifest.xml
		INJECTED from src/main/AndroidManifest.xml
	android:versionName
		INJECTED from src/main/AndroidManifest.xml
		ADDED from src/main/AndroidManifest.xml:24:1-50:12
		INJECTED from src/main/AndroidManifest.xml
	android:versionCode
		INJECTED from src/main/AndroidManifest.xml
		ADDED from src/main/AndroidManifest.xml:24:1-50:12
		INJECTED from src/main/AndroidManifest.xml
	xmlns:android
		ADDED from src/main/AndroidManifest.xml:24:11-69
uses-permission#android.permission.RECORD_AUDIO
ADDED from src/main/AndroidManifest.xml:27:2-67
	android:name
		ADDED from src/main/AndroidManifest.xml:27:19-65
uses-permission#android.permission.WRITE_EXTERNAL_STORAGE
ADDED from src/main/AndroidManifest.xml:28:2-77
	android:name
		ADDED from src/main/AndroidManifest.xml:28:19-75
uses-feature#0x00020000
ADDED from src/main/AndroidManifest.xml:30:2-75
	android:glEsVersion
		ADDED from src/main/AndroidManifest.xml:30:16-48
	android:required
		ADDED from src/main/AndroidManifest.xml:30:49-72
application
ADDED from src/main/AndroidManifest.xml:32:2-48:16
MERGED from [com.android.support:support-core-ui:25.3.1] AndroidManifest.xml:29:5-20
MERGED from [com.android.support:support-core-ui:25.3.1] AndroidManifest.xml:29:5-20
MERGED from [com.android.support:support-compat:25.3.1] AndroidManifest.xml:29:5-20
MERGED from [com.android.support:support-compat:25.3.1] AndroidManifest.xml:29:5-20
	android:supportsRtl
		ADDED from src/main/AndroidManifest.xml:36:3-29
	android:label
		ADDED from src/main/AndroidManifest.xml:35:3-35
	android:icon
		ADDED from src/main/AndroidManifest.xml:34:3-37
	android:allowBackup
		ADDED from src/main/AndroidManifest.xml:33:3-29
	android:theme
		ADDED from src/main/AndroidManifest.xml:37:3-34
activity#com.serenegiant.usbCameraSNPE.MainActivity
ADDED from src/main/AndroidManifest.xml:38:3-47:14
	android:screenOrientation
		ADDED from src/main/AndroidManifest.xml:40:4-40
	android:label
		ADDED from src/main/AndroidManifest.xml:41:4-36
	android:name
		ADDED from src/main/AndroidManifest.xml:39:4-32
intent-filter#android.intent.action.MAIN+android.intent.category.LAUNCHER
ADDED from src/main/AndroidManifest.xml:42:4-46:20
action#android.intent.action.MAIN
ADDED from src/main/AndroidManifest.xml:43:5-56
	android:name
		ADDED from src/main/AndroidManifest.xml:43:13-54
category#android.intent.category.LAUNCHER
ADDED from src/main/AndroidManifest.xml:45:5-64
	android:name
		ADDED from src/main/AndroidManifest.xml:45:15-62
uses-sdk
INJECTED from src/main/AndroidManifest.xml reason: use-sdk injection requested
INJECTED from src/main/AndroidManifest.xml
INJECTED from src/main/AndroidManifest.xml
MERGED from [:usbCameraCommon] AndroidManifest.xml:28:5-30:41
MERGED from [:usbCameraCommon] AndroidManifest.xml:28:5-30:41
MERGED from [:libuvccamera] AndroidManifest.xml:29:5-31:41
MERGED from [:libuvccamera] AndroidManifest.xml:29:5-31:41
MERGED from [com.serenegiant:common:1.5.20] AndroidManifest.xml:8:5-10:41
MERGED from [com.serenegiant:common:1.5.20] AndroidManifest.xml:8:5-10:41
MERGED from [:snpelibrary] AndroidManifest.xml:7:5-9:41
MERGED from [:snpelibrary] AndroidManifest.xml:7:5-9:41
MERGED from [:OpenCV] AndroidManifest.xml:7:5-9:41
MERGED from [:OpenCV] AndroidManifest.xml:7:5-9:41
MERGED from [com.android.support:recyclerview-v7:25.3.1] AndroidManifest.xml:20:5-43
MERGED from [com.android.support:recyclerview-v7:25.3.1] AndroidManifest.xml:20:5-43
MERGED from [com.android.support:support-core-ui:25.3.1] AndroidManifest.xml:21:5-23:58
MERGED from [com.android.support:support-core-ui:25.3.1] AndroidManifest.xml:21:5-23:58
MERGED from [com.android.support:support-compat:25.3.1] AndroidManifest.xml:21:5-23:58
MERGED from [com.android.support:support-compat:25.3.1] AndroidManifest.xml:21:5-23:58
MERGED from [:snpe-release] AndroidManifest.xml:12:5-14:41
MERGED from [:snpe-release] AndroidManifest.xml:12:5-14:41
INJECTED from src/main/AndroidManifest.xml
INJECTED from src/main/AndroidManifest.xml
	tools:overrideLibrary
		ADDED from [com.android.support:support-core-ui:25.3.1] AndroidManifest.xml:23:9-55
	android:targetSdkVersion
		INJECTED from src/main/AndroidManifest.xml
		ADDED from src/main/AndroidManifest.xml
		INJECTED from src/main/AndroidManifest.xml
	android:minSdkVersion
		INJECTED from src/main/AndroidManifest.xml
		ADDED from src/main/AndroidManifest.xml
		INJECTED from src/main/AndroidManifest.xml
meta-data#android.support.VERSION
ADDED from [com.android.support:recyclerview-v7:25.3.1] AndroidManifest.xml:22:5-24:34
MERGED from [com.android.support:support-core-ui:25.3.1] AndroidManifest.xml:25:5-27:34
MERGED from [com.android.support:support-core-ui:25.3.1] AndroidManifest.xml:25:5-27:34
MERGED from [com.android.support:support-compat:25.3.1] AndroidManifest.xml:25:5-27:34
MERGED from [com.android.support:support-compat:25.3.1] AndroidManifest.xml:25:5-27:34
	android:value
		ADDED from [com.android.support:recyclerview-v7:25.3.1] AndroidManifest.xml:24:9-31
	android:name
		ADDED from [com.android.support:recyclerview-v7:25.3.1] AndroidManifest.xml:23:9-47